adding 0 I (12, 0) (0, 10)
adding 1 II (12, 0) (0, 20)
adding 2 III (12, 0) (0, 10)
adding 1 IV (12, 0) (0, 20)
adding 10 V (12, 0) (0, 10)
adding 0 VI (12, 0) (0, 20)
adding 5 VII (12, 0) (0, 10)
editing 5 new (0, 0) (0, 45)
deleting 2
adding 100 начало сборов (0, 0) (0, 10)
adding 100 выход с раб (0, 0) (0, 10)
adding 100 проход через прох. (0, 0) (0, 5)
adding 100 приход домой (0, 0) (0, 5)
adding 100 выход из дома (0, 0) (0, 30)
adding 100 у макдака (0, 0) (0, 12)
adding 100 закончен перекус (0, 0) (0, 20)
adding 100 сел в поезд м. полеж. (0, 0) (0, 5)
adding 100 на м. волг. пр. (0, 0) (0, 21)
adding 100 геймер (19, 50) (0, 10)
Тест 3. :
adding 100 подъём (0, 0) (0, 0)
adding 100 выход из дома (0, 0) (0, 60)
adding 100 у метро (0, 0) (0, 15)
adding 100 выход из савёлы (0, 0) (0, 20)
adding 100 куплен билет и т.п (0, 0) (0, 15)
adding 100 сел в паровоз (11, 47) (0, 5)

  1.  ************ подъём  09:52:00    
  2.  ***** выход из дома  10:52:00   1:00
  3.  *********** у метро  11:07:00   0:15
  4.  *** выход из савёлы  11:27:00   0:20
  5.   куплен билет и т.п  11:42:00   0:15
  6.  ***** сел в паровоз  11:47:00   0:05

